[2026-01-14T05:14:28.930+0000] {taskinstance.py:1956} INFO - Dependencies all met for dep_context=non-requeueable deps ti=<TaskInstance: procurement_daily_pipeline_sequential.generate_summary manual__2026-01-14T04:54:50.432394+00:00 [queued]>
[2026-01-14T05:14:28.937+0000] {taskinstance.py:1956} INFO - Dependencies all met for dep_context=requeueable deps ti=<TaskInstance: procurement_daily_pipeline_sequential.generate_summary manual__2026-01-14T04:54:50.432394+00:00 [queued]>
[2026-01-14T05:14:28.939+0000] {taskinstance.py:2170} INFO - Starting attempt 1 of 3
[2026-01-14T05:14:28.949+0000] {taskinstance.py:2191} INFO - Executing <Task(PythonOperator): generate_summary> on 2026-01-14 04:54:50.432394+00:00
[2026-01-14T05:14:28.953+0000] {standard_task_runner.py:60} INFO - Started process 180 to run task
[2026-01-14T05:14:28.956+0000] {standard_task_runner.py:87} INFO - Running: ['airflow', 'tasks', 'run', 'procurement_daily_pipeline_sequential', 'generate_summary', 'manual__2026-01-14T04:54:50.432394+00:00', '--job-id', '25', '--raw', '--subdir', 'DAGS_FOLDER/pipeline.py', '--cfg-path', '/tmp/tmpi0w7_yj_']
[2026-01-14T05:14:28.958+0000] {standard_task_runner.py:88} INFO - Job 25: Subtask generate_summary
[2026-01-14T05:14:29.012+0000] {task_command.py:423} INFO - Running <TaskInstance: procurement_daily_pipeline_sequential.generate_summary manual__2026-01-14T04:54:50.432394+00:00 [running]> on host fe95766e0c36
[2026-01-14T05:14:29.080+0000] {taskinstance.py:2480} INFO - Exporting env vars: AIRFLOW_CTX_DAG_OWNER='procurement_team' AIRFLOW_CTX_DAG_ID='procurement_daily_pipeline_sequential' AIRFLOW_CTX_TASK_ID='generate_summary' AIRFLOW_CTX_EXECUTION_DATE='2026-01-14T04:54:50.432394+00:00' AIRFLOW_CTX_TRY_NUMBER='1' AIRFLOW_CTX_DAG_RUN_ID='manual__2026-01-14T04:54:50.432394+00:00'
[2026-01-14T05:14:29.081+0000] {pipeline.py:696} INFO - Generating pipeline summary...
[2026-01-14T05:14:29.086+0000] {logging_mixin.py:188} WARNING - /home/airflow/.local/lib/python3.11/site-packages/airflow/utils/context.py:315 AirflowContextDeprecationWarning: Accessing 'execution_date' from the template is deprecated and will be removed in a future version. Please use 'data_interval_start' or 'logical_date' instead.
[2026-01-14T05:14:29.156+0000] {taskinstance.py:2698} ERROR - Task failed with exception
Traceback (most recent call last):
  File "/usr/local/lib/python3.11/pathlib.py", line 1116, in mkdir
    os.mkdir(self, mode)
FileNotFoundError: [Errno 2] No such file or directory: '/opt/airflow/data/output/pipeline_summary'

During handling of the above exception, another exception occurred:

Traceback (most recent call last):
  File "/opt/airflow/dags/pipeline.py", line 734, in generate_pipeline_summary
    summary_dir.mkdir(parents=True, exist_ok=True)
  File "/usr/local/lib/python3.11/pathlib.py", line 1120, in mkdir
    self.parent.mkdir(parents=True, exist_ok=True)
  File "/usr/local/lib/python3.11/pathlib.py", line 1116, in mkdir
    os.mkdir(self, mode)
PermissionError: [Errno 13] Permission denied: '/opt/airflow/data/output'

During handling of the above exception, another exception occurred:

Traceback (most recent call last):
  File "/usr/local/lib/python3.11/pathlib.py", line 1116, in mkdir
    os.mkdir(self, mode)
FileNotFoundError: [Errno 2] No such file or directory: '/opt/airflow/data/logs/exceptions/14-01-2026'

During handling of the above exception, another exception occurred:

Traceback (most recent call last):
  File "/usr/local/lib/python3.11/pathlib.py", line 1116, in mkdir
    os.mkdir(self, mode)
FileNotFoundError: [Errno 2] No such file or directory: '/opt/airflow/data/logs/exceptions'

During handling of the above exception, another exception occurred:

Traceback (most recent call last):
  File "/home/airflow/.local/lib/python3.11/site-packages/airflow/models/taskinstance.py", line 433, in _execute_task
    result = execute_callable(context=context, **execute_callable_kwargs)
             ^^^^^^^^^^^^^^^^^^^^^^^^^^^^^^^^^^^^^^^^^^^^^^^^^^^^^^^^^^^^
  File "/home/airflow/.local/lib/python3.11/site-packages/airflow/operators/python.py", line 199, in execute
    return_value = self.execute_callable()
                   ^^^^^^^^^^^^^^^^^^^^^^^
  File "/home/airflow/.local/lib/python3.11/site-packages/airflow/operators/python.py", line 216, in execute_callable
    return self.python_callable(*self.op_args, **self.op_kwargs)
           ^^^^^^^^^^^^^^^^^^^^^^^^^^^^^^^^^^^^^^^^^^^^^^^^^^^^^
  File "/opt/airflow/dags/pipeline.py", line 751, in generate_pipeline_summary
    log_exception(e, "generate_pipeline_summary", date_str, {"stage": "summary_generation"})
  File "/opt/airflow/dags/pipeline.py", line 112, in log_exception
    log_dir.mkdir(parents=True, exist_ok=True)
  File "/usr/local/lib/python3.11/pathlib.py", line 1120, in mkdir
    self.parent.mkdir(parents=True, exist_ok=True)
  File "/usr/local/lib/python3.11/pathlib.py", line 1120, in mkdir
    self.parent.mkdir(parents=True, exist_ok=True)
  File "/usr/local/lib/python3.11/pathlib.py", line 1116, in mkdir
    os.mkdir(self, mode)
PermissionError: [Errno 13] Permission denied: '/opt/airflow/data/logs'
[2026-01-14T05:14:29.177+0000] {taskinstance.py:1138} INFO - Marking task as UP_FOR_RETRY. dag_id=procurement_daily_pipeline_sequential, task_id=generate_summary, execution_date=20260114T045450, start_date=20260114T051428, end_date=20260114T051429
[2026-01-14T05:14:29.187+0000] {standard_task_runner.py:107} ERROR - Failed to execute job 25 for task generate_summary ([Errno 13] Permission denied: '/opt/airflow/data/logs'; 180)
[2026-01-14T05:14:29.210+0000] {local_task_job_runner.py:234} INFO - Task exited with return code 1
[2026-01-14T05:14:29.221+0000] {taskinstance.py:3280} INFO - 0 downstream tasks scheduled from follow-on schedule check
