[2026-01-14T04:59:01.605+0000] {taskinstance.py:1956} INFO - Dependencies all met for dep_context=non-requeueable deps ti=<TaskInstance: procurement_daily_pipeline_sequential.generate_summary scheduled__2026-01-12T23:00:00+00:00 [queued]>
[2026-01-14T04:59:01.613+0000] {taskinstance.py:1956} INFO - Dependencies all met for dep_context=requeueable deps ti=<TaskInstance: procurement_daily_pipeline_sequential.generate_summary scheduled__2026-01-12T23:00:00+00:00 [queued]>
[2026-01-14T04:59:01.614+0000] {taskinstance.py:2170} INFO - Starting attempt 2 of 3
[2026-01-14T04:59:01.630+0000] {taskinstance.py:2191} INFO - Executing <Task(PythonOperator): generate_summary> on 2026-01-12 23:00:00+00:00
[2026-01-14T04:59:01.637+0000] {standard_task_runner.py:60} INFO - Started process 226 to run task
[2026-01-14T04:59:01.645+0000] {standard_task_runner.py:87} INFO - Running: ['airflow', 'tasks', 'run', 'procurement_daily_pipeline_sequential', 'generate_summary', 'scheduled__2026-01-12T23:00:00+00:00', '--job-id', '18', '--raw', '--subdir', 'DAGS_FOLDER/pipeline.py', '--cfg-path', '/tmp/tmpxkfgrewv']
[2026-01-14T04:59:01.651+0000] {standard_task_runner.py:88} INFO - Job 18: Subtask generate_summary
[2026-01-14T04:59:01.730+0000] {task_command.py:423} INFO - Running <TaskInstance: procurement_daily_pipeline_sequential.generate_summary scheduled__2026-01-12T23:00:00+00:00 [running]> on host cceaec3275d8
[2026-01-14T04:59:01.810+0000] {taskinstance.py:2480} INFO - Exporting env vars: AIRFLOW_CTX_DAG_OWNER='procurement_team' AIRFLOW_CTX_DAG_ID='procurement_daily_pipeline_sequential' AIRFLOW_CTX_TASK_ID='generate_summary' AIRFLOW_CTX_EXECUTION_DATE='2026-01-12T23:00:00+00:00' AIRFLOW_CTX_TRY_NUMBER='2' AIRFLOW_CTX_DAG_RUN_ID='scheduled__2026-01-12T23:00:00+00:00'
[2026-01-14T04:59:01.813+0000] {pipeline.py:696} INFO - Generating pipeline summary...
[2026-01-14T04:59:01.823+0000] {logging_mixin.py:188} WARNING - /home/airflow/.local/lib/python3.11/site-packages/airflow/utils/context.py:315 AirflowContextDeprecationWarning: Accessing 'execution_date' from the template is deprecated and will be removed in a future version. Please use 'data_interval_start' or 'logical_date' instead.
[2026-01-14T04:59:01.873+0000] {taskinstance.py:2698} ERROR - Task failed with exception
Traceback (most recent call last):
  File "/usr/local/lib/python3.11/pathlib.py", line 1116, in mkdir
    os.mkdir(self, mode)
FileNotFoundError: [Errno 2] No such file or directory: '/opt/airflow/data/output/pipeline_summary'

During handling of the above exception, another exception occurred:

Traceback (most recent call last):
  File "/opt/airflow/dags/pipeline.py", line 734, in generate_pipeline_summary
    summary_dir.mkdir(parents=True, exist_ok=True)
  File "/usr/local/lib/python3.11/pathlib.py", line 1120, in mkdir
    self.parent.mkdir(parents=True, exist_ok=True)
  File "/usr/local/lib/python3.11/pathlib.py", line 1116, in mkdir
    os.mkdir(self, mode)
PermissionError: [Errno 13] Permission denied: '/opt/airflow/data/output'

During handling of the above exception, another exception occurred:

Traceback (most recent call last):
  File "/usr/local/lib/python3.11/pathlib.py", line 1116, in mkdir
    os.mkdir(self, mode)
FileNotFoundError: [Errno 2] No such file or directory: '/opt/airflow/data/logs/exceptions/12-01-2026'

During handling of the above exception, another exception occurred:

Traceback (most recent call last):
  File "/usr/local/lib/python3.11/pathlib.py", line 1116, in mkdir
    os.mkdir(self, mode)
FileNotFoundError: [Errno 2] No such file or directory: '/opt/airflow/data/logs/exceptions'

During handling of the above exception, another exception occurred:

Traceback (most recent call last):
  File "/home/airflow/.local/lib/python3.11/site-packages/airflow/models/taskinstance.py", line 433, in _execute_task
    result = execute_callable(context=context, **execute_callable_kwargs)
             ^^^^^^^^^^^^^^^^^^^^^^^^^^^^^^^^^^^^^^^^^^^^^^^^^^^^^^^^^^^^
  File "/home/airflow/.local/lib/python3.11/site-packages/airflow/operators/python.py", line 199, in execute
    return_value = self.execute_callable()
                   ^^^^^^^^^^^^^^^^^^^^^^^
  File "/home/airflow/.local/lib/python3.11/site-packages/airflow/operators/python.py", line 216, in execute_callable
    return self.python_callable(*self.op_args, **self.op_kwargs)
           ^^^^^^^^^^^^^^^^^^^^^^^^^^^^^^^^^^^^^^^^^^^^^^^^^^^^^
  File "/opt/airflow/dags/pipeline.py", line 751, in generate_pipeline_summary
    log_exception(e, "generate_pipeline_summary", date_str, {"stage": "summary_generation"})
  File "/opt/airflow/dags/pipeline.py", line 112, in log_exception
    log_dir.mkdir(parents=True, exist_ok=True)
  File "/usr/local/lib/python3.11/pathlib.py", line 1120, in mkdir
    self.parent.mkdir(parents=True, exist_ok=True)
  File "/usr/local/lib/python3.11/pathlib.py", line 1120, in mkdir
    self.parent.mkdir(parents=True, exist_ok=True)
  File "/usr/local/lib/python3.11/pathlib.py", line 1116, in mkdir
    os.mkdir(self, mode)
PermissionError: [Errno 13] Permission denied: '/opt/airflow/data/logs'
[2026-01-14T04:59:01.884+0000] {taskinstance.py:1138} INFO - Marking task as UP_FOR_RETRY. dag_id=procurement_daily_pipeline_sequential, task_id=generate_summary, execution_date=20260112T230000, start_date=20260114T045901, end_date=20260114T045901
[2026-01-14T04:59:01.891+0000] {standard_task_runner.py:107} ERROR - Failed to execute job 18 for task generate_summary ([Errno 13] Permission denied: '/opt/airflow/data/logs'; 226)
[2026-01-14T04:59:01.899+0000] {local_task_job_runner.py:234} INFO - Task exited with return code 1
[2026-01-14T04:59:01.910+0000] {taskinstance.py:3280} INFO - 0 downstream tasks scheduled from follow-on schedule check
